<?xml version="1.0" encoding="UTF-8"?>
<!-- Generated by org.testng.reporters.JUnitReportReporter -->
<testsuite skipped="0" hostname="105344-005L" name="com.automation.aproject.TS_WebService" tests="7" failures="0" timestamp="30 Jan 2023 09:17:21 GMT" time="28.106" errors="0">
  <testcase name="tc_CreateBooking" time="3.961" classname="com.automation.aproject.TS_WebService"/>
  <testcase name="tc_CreateBooking" time="5.547" classname="com.automation.aproject.TS_WebService"/>
  <testcase name="tc_CreateBooking" time="3.661" classname="com.automation.aproject.TS_WebService"/>
  <testcase name="tc_CreateBooking" time="3.690" classname="com.automation.aproject.TS_WebService"/>
  <testcase name="tc_CreateBooking" time="3.742" classname="com.automation.aproject.TS_WebService"/>
  <testcase name="tc_CreateBooking" time="3.674" classname="com.automation.aproject.TS_WebService"/>
  <testcase name="tc_CreateBooking" time="3.831" classname="com.automation.aproject.TS_WebService"/>
</testsuite> <!-- com.automation.aproject.TS_WebService -->
